# JRE version: Java(TM) SE Runtime Environment (8.0_261-b12) (build 1.8.0_261-b12)
# Java VM: Java HotSpot(TM) 64-Bit Server VM (25.261-b12 mixed mode windows-amd64 compressed oops)
Heap:
 PSYoungGen      total 1310208K, used 31760K [0x000000076ba00000, 0x00000007c0000000, 0x00000007c0000000)
  eden space 1240064K, 0% used [0x000000076ba00000,0x000000076ba00000,0x00000007b7500000)
  from space 70144K, 45% used [0x00000007b7500000,0x00000007b94040b8,0x00000007bb980000)
  to   space 72192K, 0% used [0x00000007bb980000,0x00000007bb980000,0x00000007c0000000)
 ParOldGen       total 906240K, used 893751K [0x00000006c2e00000, 0x00000006fa300000, 0x000000076ba00000)
  object space 906240K, 98% used [0x00000006c2e00000,0x00000006f96cde58,0x00000006fa300000)
 Metaspace       used 12081K, capacity 12338K, committed 12672K, reserved 1060864K
  class space    used 1256K, capacity 1343K, committed 1408K, reserved 1048576K
GC Heap History (10 events):
Event: 12465.924 GC heap after
Heap after GC invocations=37724 (full 181):
 PSYoungGen      total 1312256K, used 54144K [0x000000076ba00000, 0x00000007bff00000, 0x00000007c0000000)
  eden space 1242112K, 0% used [0x000000076ba00000,0x000000076ba00000,0x00000007b7700000)
  from space 70144K, 77% used [0x00000007b7700000,0x00000007babe0230,0x00000007bbb80000)
  to   space 69120K, 0% used [0x00000007bbb80000,0x00000007bbb80000,0x00000007bff00000)
 ParOldGen       total 906240K, used 753992K [0x00000006c2e00000, 0x00000006fa300000, 0x000000076ba00000)
  object space 906240K, 83% used [0x00000006c2e00000,0x00000006f0e52360,0x00000006fa300000)
 Metaspace       used 12081K, capacity 12338K, committed 12672K, reserved 1060864K
  class space    used 1256K, capacity 1343K, committed 1408K, reserved 1048576K
}
Event: 12466.145 GC heap before
{Heap before GC invocations=37725 (full 181):
 PSYoungGen      total 1312256K, used 1295488K [0x000000076ba00000, 0x00000007bff00000, 0x00000007c0000000)
  eden space 1242112K, 99% used [0x000000076ba00000,0x00000007b763fdd0,0x00000007b7700000)
  from space 70144K, 77% used [0x00000007b7700000,0x00000007babe0230,0x00000007bbb80000)
  to   space 69120K, 0% used [0x00000007bbb80000,0x00000007bbb80000,0x00000007bff00000)
 ParOldGen       total 906240K, used 753992K [0x00000006c2e00000, 0x00000006fa300000, 0x000000076ba00000)
  object space 906240K, 83% used [0x00000006c2e00000,0x00000006f0e52360,0x00000006fa300000)
 Metaspace       used 12081K, capacity 12338K, committed 12672K, reserved 1060864K
  class space    used 1256K, capacity 1343K, committed 1408K, reserved 1048576K
Event: 12466.168 GC heap after
Heap after GC invocations=37725 (full 181):
 PSYoungGen      total 1309184K, used 63502K [0x000000076ba00000, 0x00000007c0000000, 0x00000007c0000000)
  eden space 1240064K, 0% used [0x000000076ba00000,0x000000076ba00000,0x00000007b7500000)
  from space 69120K, 91% used [0x00000007bbb80000,0x00000007bf983ad8,0x00000007bff00000)
  to   space 71168K, 0% used [0x00000007b7500000,0x00000007b7500000,0x00000007bba80000)
 ParOldGen       total 906240K, used 777353K [0x00000006c2e00000, 0x00000006fa300000, 0x000000076ba00000)
  object space 906240K, 85% used [0x00000006c2e00000,0x00000006f2522700,0x00000006fa300000)
 Metaspace       used 12081K, capacity 12338K, committed 12672K, reserved 1060864K
  class space    used 1256K, capacity 1343K, committed 1408K, reserved 1048576K
}
Event: 12466.372 GC heap before
{Heap before GC invocations=37726 (full 181):
 PSYoungGen      total 1309184K, used 1303130K [0x000000076ba00000, 0x00000007c0000000, 0x00000007c0000000)
  eden space 1240064K, 99% used [0x000000076ba00000,0x00000007b7492e48,0x00000007b7500000)
  from space 69120K, 91% used [0x00000007bbb80000,0x00000007bf983ad8,0x00000007bff00000)
  to   space 71168K, 0% used [0x00000007b7500000,0x00000007b7500000,0x00000007bba80000)
 ParOldGen       total 906240K, used 777353K [0x00000006c2e00000, 0x00000006fa300000, 0x000000076ba00000)
  object space 906240K, 85% used [0x00000006c2e00000,0x00000006f2522700,0x00000006fa300000)
 Metaspace       used 12081K, capacity 12338K, committed 12672K, reserved 1060864K
  class space    used 1256K, capacity 1343K, committed 1408K, reserved 1048576K
Event: 12466.389 GC heap after
Heap after GC invocations=37726 (full 181):
 PSYoungGen      total 1311232K, used 43510K [0x000000076ba00000, 0x00000007c0000000, 0x00000007c0000000)
  eden space 1240064K, 0% used [0x000000076ba00000,0x000000076ba00000,0x00000007b7500000)
  from space 71168K, 61% used [0x00000007b7500000,0x00000007b9f7da00,0x00000007bba80000)
  to   space 71168K, 0% used [0x00000007bba80000,0x00000007bba80000,0x00000007c0000000)
 ParOldGen       total 906240K, used 821444K [0x00000006c2e00000, 0x00000006fa300000, 0x000000076ba00000)
  object space 906240K, 90% used [0x00000006c2e00000,0x00000006f5031308,0x00000006fa300000)
 Metaspace       used 12081K, capacity 12338K, committed 12672K, reserved 1060864K
  class space    used 1256K, capacity 1343K, committed 1408K, reserved 1048576K
}
Event: 12466.596 GC heap before
{Heap before GC invocations=37727 (full 181):
 PSYoungGen      total 1311232K, used 1283188K [0x000000076ba00000, 0x00000007c0000000, 0x00000007c0000000)
  eden space 1240064K, 99% used [0x000000076ba00000,0x00000007b749f7c8,0x00000007b7500000)
  from space 71168K, 61% used [0x00000007b7500000,0x00000007b9f7da00,0x00000007bba80000)
  to   space 71168K, 0% used [0x00000007bba80000,0x00000007bba80000,0x00000007c0000000)
 ParOldGen       total 906240K, used 821444K [0x00000006c2e00000, 0x00000006fa300000, 0x000000076ba00000)
  object space 906240K, 90% used [0x00000006c2e00000,0x00000006f5031308,0x00000006fa300000)
 Metaspace       used 12081K, capacity 12338K, committed 12672K, reserved 1060864K
  class space    used 1256K, capacity 1343K, committed 1408K, reserved 1048576K
Event: 12466.614 GC heap after
Heap after GC invocations=37727 (full 181):
 PSYoungGen      total 1309184K, used 54831K [0x000000076ba00000, 0x00000007bfe00000, 0x00000007c0000000)
  eden space 1240064K, 0% used [0x000000076ba00000,0x000000076ba00000,0x00000007b7500000)
  from space 69120K, 79% used [0x00000007bba80000,0x00000007bf00be70,0x00000007bfe00000)
  to   space 70144K, 0% used [0x00000007b7500000,0x00000007b7500000,0x00000007bb980000)
 ParOldGen       total 906240K, used 845347K [0x00000006c2e00000, 0x00000006fa300000, 0x000000076ba00000)
  object space 906240K, 93% used [0x00000006c2e00000,0x00000006f6788c98,0x00000006fa300000)
 Metaspace       used 12081K, capacity 12338K, committed 12672K, reserved 1060864K
  class space    used 1256K, capacity 1343K, committed 1408K, reserved 1048576K
}
Event: 12466.821 GC heap before
{Heap before GC invocations=37728 (full 181):
 PSYoungGen      total 1309184K, used 1294810K [0x000000076ba00000, 0x00000007bfe00000, 0x00000007c0000000)
  eden space 1240064K, 99% used [0x000000076ba00000,0x00000007b74eab80,0x00000007b7500000)
  from space 69120K, 79% used [0x00000007bba80000,0x00000007bf00be70,0x00000007bfe00000)
  to   space 70144K, 0% used [0x00000007b7500000,0x00000007b7500000,0x00000007bb980000)
 ParOldGen       total 906240K, used 845347K [0x00000006c2e00000, 0x00000006fa300000, 0x000000076ba00000)
  object space 906240K, 93% used [0x00000006c2e00000,0x00000006f6788c98,0x00000006fa300000)
 Metaspace       used 12081K, capacity 12338K, committed 12672K, reserved 1060864K
  class space    used 1256K, capacity 1343K, committed 1408K, reserved 1048576K
Event: 12466.842 GC heap after
Heap after GC invocations=37728 (full 181):
 PSYoungGen      total 1310208K, used 31760K [0x000000076ba00000, 0x00000007c0000000, 0x00000007c0000000)
  eden space 1240064K, 0% used [0x000000076ba00000,0x000000076ba00000,0x00000007b7500000)
  from space 70144K, 45% used [0x00000007b7500000,0x00000007b94040b8,0x00000007bb980000)
  to   space 72192K, 0% used [0x00000007bb980000,0x00000007bb980000,0x00000007c0000000)
 ParOldGen       total 906240K, used 893751K [0x00000006c2e00000, 0x00000006fa300000, 0x000000076ba00000)
  object space 906240K, 98% used [0x00000006c2e00000,0x00000006f96cde58,0x00000006fa300000)
 Metaspace       used 12081K, capacity 12338K, committed 12672K, reserved 1060864K
  class space    used 1256K, capacity 1343K, committed 1408K, reserved 1048576K
}
Event: 12466.842 GC heap before
{Heap before GC invocations=37729 (full 182):
 PSYoungGen      total 1310208K, used 31760K [0x000000076ba00000, 0x00000007c0000000, 0x00000007c0000000)
  eden space 1240064K, 0% used [0x000000076ba00000,0x000000076ba00000,0x00000007b7500000)
  from space 70144K, 45% used [0x00000007b7500000,0x00000007b94040b8,0x00000007bb980000)
  to   space 72192K, 0% used [0x00000007bb980000,0x00000007bb980000,0x00000007c0000000)
 ParOldGen       total 906240K, used 893751K [0x00000006c2e00000, 0x00000006fa300000, 0x000000076ba00000)
  object space 906240K, 98% used [0x00000006c2e00000,0x00000006f96cde58,0x00000006fa300000)
 Metaspace       used 12081K, capacity 12338K, committed 12672K, reserved 1060864K
  class space    used 1256K, capacity 1343K, committed 1408K, reserved 1048576K

